<?xml version="1.0" encoding="UTF-8"?>
<testsuite name="com.bl.userRegistration.userRegistrationTest" tests="1" skipped="0" failures="0" errors="0" timestamp="2021-10-26T20:04:43" hostname="LAPTOP-LTNNVO58" time="0.02">
  <properties/>
  <testcase name="givenPassword_WhenPreDefined_ShouldReturnTrue()" classname="com.bl.userRegistration.userRegistrationTest" time="0.02"/>
  <system-out><![CDATA[]]></system-out>
  <system-err><![CDATA[]]></system-err>
</testsuite>
