<?xml version="1.0" encoding="UTF-8"?>
<testsuite name="com.bl.userRegistration.userRegistrationTest" tests="1" skipped="0" failures="0" errors="0" timestamp="2021-10-26T19:42:40" hostname="LAPTOP-LTNNVO58" time="0.019">
  <properties/>
  <testcase name="givenEmailWhenShouldReturnTrue()" classname="com.bl.userRegistration.userRegistrationTest" time="0.019"/>
  <system-out><![CDATA[]]></system-out>
  <system-err><![CDATA[]]></system-err>
</testsuite>
