<?xml version="1.0" encoding="UTF-8"?>
<testsuite name="com.bl.userregistration.userRegistrationTest" tests="1" skipped="0" failures="0" errors="0" timestamp="2021-10-26T21:35:02" hostname="LAPTOP-LTNNVO58" time="0.013">
  <properties/>
  <testcase name="givenPassword_WhenOneNumeric_ShouldReturnTrue()" classname="com.bl.userregistration.userRegistrationTest" time="0.013"/>
  <system-out><![CDATA[]]></system-out>
  <system-err><![CDATA[]]></system-err>
</testsuite>
