<?xml version="1.0" encoding="UTF-8"?>
<testsuite name="com.bl.userregistration.UserRegistrationTest" tests="1" skipped="0" failures="0" errors="0" timestamp="2021-10-27T14:40:22" hostname="LAPTOP-LTNNVO58" time="0.019">
  <properties/>
  <testcase name="givenPasswordSpecialCharacterWhenShouldReturnTrue()" classname="com.bl.userregistration.UserRegistrationTest" time="0.019"/>
  <system-out><![CDATA[]]></system-out>
  <system-err><![CDATA[]]></system-err>
</testsuite>
